<?xml version="1.0" encoding="UTF-8"?>
<!-- Generated by org.testng.reporters.JUnitReportReporter -->
<testsuite skipped="0" hostname="LAPTOP-MB62TP2B" name="com.utility.Utilities" tests="1" failures="0" timestamp="2020-07-16T23:38:24 IST" time="8.304" errors="0">
  <testcase name="OpenGmail" time="8.304" classname="com.utility.Utilities"/>
  <system-out/>
</testsuite> <!-- com.utility.Utilities -->
