<?xml version="1.0" encoding="UTF-8"?>
<!-- Generated by org.testng.reporters.JUnitReportReporter -->
<testsuite skipped="0" hostname="LAPTOP-0MT7PC1D" name="com.scripts.WriteContent" tests="1" failures="0" timestamp="2020-07-20T22:27:38 IST" time="1.801" errors="0">
  <testcase name="createExcel" time="1.801" classname="com.scripts.WriteContent"/>
  <system-out/>
</testsuite> <!-- com.scripts.WriteContent -->
