<?xml version="1.0" encoding="UTF-8"?>
<!-- Generated by org.testng.reporters.JUnitReportReporter -->
<testsuite skipped="0" hostname="LAPTOP-0MT7PC1D" name="com.scripts.LoginGmail" tests="1" failures="0" timestamp="2020-07-20T22:27:38 IST" time="25.959" errors="0">
  <testcase name="loginSearchContent" time="25.959" classname="com.scripts.LoginGmail"/>
  <system-out/>
</testsuite> <!-- com.scripts.LoginGmail -->
